<?xml version="1.0" encoding="UTF-8" ?>
<testsuite errors="0" failures="3" hostname="MacBean" name="org.eclipse.lyo.testsuite.server.oslcv2tests.ServiceProviderXmlTests" tests="48" time="5.728" timestamp="2011-11-30T18:47:16">
  <properties>
[...]
</properties>
  <testcase classname="org.eclipse.lyo.testsuite.server.oslcv2tests.ServiceProviderXmlTests" name="baseUrlIsValid[0]" time="0.299" />
  <testcase classname="org.eclipse.lyo.testsuite.server.oslcv2tests.ServiceProviderXmlTests" name="publisherElementsAreValid[0]" time="0.314" />
  <testcase classname="org.eclipse.lyo.testsuite.server.oslcv2tests.ServiceProviderXmlTests" name="invalidContentTypeGivesNotSupportedOPTIONAL[0]" time="0.491">
    <failure message="Expected 406 but received HTTP/1.1 200 OK,Content-type=&apos;invalid/content-type&apos; but received text/xml;charset=UTF-8" type="junit.framework.AssertionFailedError">junit.framework.AssertionFailedError: Expected 406 but received HTTP/1.1 200 OK,Content-type=&apos;invalid/content-type&apos; but received text/xml;charset=UTF-8
	at org.eclipse.lyo.testsuite.server.oslcv2tests.ServiceProviderXmlTests.invalidContentTypeGivesNotSupportedOPTIONAL(ServiceProviderXmlTests.java:115)
	at org.eclipse.ant.internal.launching.remote.EclipseDefaultExecutor.executeTargets(EclipseDefaultExecutor.java:32)
	at org.eclipse.ant.internal.launching.remote.InternalAntRunner.run(InternalAntRunner.java:424)
	at org.eclipse.ant.internal.launching.remote.InternalAntRunner.main(InternalAntRunner.java:138)
</failure>
  </testcase>
  <testcase classname="org.eclipse.lyo.testsuite.server.oslcv2tests.ServiceProviderXmlTests" name="misplacedParametersDoNotEffectResponse[0]" time="0.513" />
  <testcase classname="org.eclipse.lyo.testsuite.server.oslcv2tests.ServiceProviderXmlTests" name="oAuthElementsAreValid[0]" time="0.173" />
  <testcase classname="org.eclipse.lyo.testsuite.server.oslcv2tests.ServiceProviderXmlTests" name="contentTypeIsCMServiceDescription[0]" time="0.472" />
  <testcase classname="org.eclipse.lyo.testsuite.server.oslcv2tests.ServiceProviderXmlTests" name="serviceProviderHasAtMostOneTitle[0]" time="0.087" />
  <testcase classname="org.eclipse.lyo.testsuite.server.oslcv2tests.ServiceProviderXmlTests" name="serviceProviderHasService[0]" time="0.064" />
  <testcase classname="org.eclipse.lyo.testsuite.server.oslcv2tests.ServiceProviderXmlTests" name="serviceProviderHasAtMostOnePublisher[0]" time="0.094" />
  <testcase classname="org.eclipse.lyo.testsuite.server.oslcv2tests.ServiceProviderXmlTests" name="serviceProviderHasValidDetails[0]" time="0.105" />
  <testcase classname="org.eclipse.lyo.testsuite.server.oslcv2tests.ServiceProviderXmlTests" name="prefixDefinitionsAreValid[0]" time="0.07" />
  <testcase classname="org.eclipse.lyo.testsuite.server.oslcv2tests.ServiceProviderXmlTests" name="serviceProviderHasAtMostOneOAuthElement[0]" time="0.057" />
  <testcase classname="org.eclipse.lyo.testsuite.server.oslcv2tests.ServiceProviderXmlTests" name="eachServiceHasOneDomain[0]" time="0.062" />
  <testcase classname="org.eclipse.lyo.testsuite.server.oslcv2tests.ServiceProviderXmlTests" name="creationFactoriesAreValid[0]" time="0.083" />
  <testcase classname="org.eclipse.lyo.testsuite.server.oslcv2tests.ServiceProviderXmlTests" name="queryCapabilityBlocksAreValid[0]" time="0.065" />
  <testcase classname="org.eclipse.lyo.testsuite.server.oslcv2tests.ServiceProviderXmlTests" name="dialogsAreValid[0]" time="0.068" />
  <testcase classname="org.eclipse.lyo.testsuite.server.oslcv2tests.ServiceProviderXmlTests" name="baseUrlIsValid[1]" time="0.05" />
  <testcase classname="org.eclipse.lyo.testsuite.server.oslcv2tests.ServiceProviderXmlTests" name="publisherElementsAreValid[1]" time="0.061" />
  <testcase classname="org.eclipse.lyo.testsuite.server.oslcv2tests.ServiceProviderXmlTests" name="invalidContentTypeGivesNotSupportedOPTIONAL[1]" time="0.121">
    <failure message="Expected 406 but received HTTP/1.1 200 OK,Content-type=&apos;invalid/content-type&apos; but received text/xml;charset=UTF-8" type="junit.framework.AssertionFailedError">junit.framework.AssertionFailedError: Expected 406 but received HTTP/1.1 200 OK,Content-type=&apos;invalid/content-type&apos; but received text/xml;charset=UTF-8
	at org.eclipse.lyo.testsuite.server.oslcv2tests.ServiceProviderXmlTests.invalidContentTypeGivesNotSupportedOPTIONAL(ServiceProviderXmlTests.java:115)
	at org.eclipse.ant.internal.launching.remote.EclipseDefaultExecutor.executeTargets(EclipseDefaultExecutor.java:32)
	at org.eclipse.ant.internal.launching.remote.InternalAntRunner.run(InternalAntRunner.java:424)
	at org.eclipse.ant.internal.launching.remote.InternalAntRunner.main(InternalAntRunner.java:138)
</failure>
  </testcase>
  <testcase classname="org.eclipse.lyo.testsuite.server.oslcv2tests.ServiceProviderXmlTests" name="misplacedParametersDoNotEffectResponse[1]" time="0.217" />
  <testcase classname="org.eclipse.lyo.testsuite.server.oslcv2tests.ServiceProviderXmlTests" name="oAuthElementsAreValid[1]" time="0.051" />
  <testcase classname="org.eclipse.lyo.testsuite.server.oslcv2tests.ServiceProviderXmlTests" name="contentTypeIsCMServiceDescription[1]" time="0.098" />
  <testcase classname="org.eclipse.lyo.testsuite.server.oslcv2tests.ServiceProviderXmlTests" name="serviceProviderHasAtMostOneTitle[1]" time="0.052" />
  <testcase classname="org.eclipse.lyo.testsuite.server.oslcv2tests.ServiceProviderXmlTests" name="serviceProviderHasService[1]" time="0.054" />
  <testcase classname="org.eclipse.lyo.testsuite.server.oslcv2tests.ServiceProviderXmlTests" name="serviceProviderHasAtMostOnePublisher[1]" time="0.05" />
  <testcase classname="org.eclipse.lyo.testsuite.server.oslcv2tests.ServiceProviderXmlTests" name="serviceProviderHasValidDetails[1]" time="0.076" />
  <testcase classname="org.eclipse.lyo.testsuite.server.oslcv2tests.ServiceProviderXmlTests" name="prefixDefinitionsAreValid[1]" time="0.064" />
  <testcase classname="org.eclipse.lyo.testsuite.server.oslcv2tests.ServiceProviderXmlTests" name="serviceProviderHasAtMostOneOAuthElement[1]" time="0.049" />
  <testcase classname="org.eclipse.lyo.testsuite.server.oslcv2tests.ServiceProviderXmlTests" name="eachServiceHasOneDomain[1]" time="0.061" />
  <testcase classname="org.eclipse.lyo.testsuite.server.oslcv2tests.ServiceProviderXmlTests" name="creationFactoriesAreValid[1]" time="0.056" />
  <testcase classname="org.eclipse.lyo.testsuite.server.oslcv2tests.ServiceProviderXmlTests" name="queryCapabilityBlocksAreValid[1]" time="0.107" />
  <testcase classname="org.eclipse.lyo.testsuite.server.oslcv2tests.ServiceProviderXmlTests" name="dialogsAreValid[1]" time="0.066" />
  <testcase classname="org.eclipse.lyo.testsuite.server.oslcv2tests.ServiceProviderXmlTests" name="baseUrlIsValid[2]" time="0.042" />
  <testcase classname="org.eclipse.lyo.testsuite.server.oslcv2tests.ServiceProviderXmlTests" name="publisherElementsAreValid[2]" time="0.113" />
  <testcase classname="org.eclipse.lyo.testsuite.server.oslcv2tests.ServiceProviderXmlTests" name="invalidContentTypeGivesNotSupportedOPTIONAL[2]" time="0.108">
    <failure message="Expected 406 but received HTTP/1.1 200 OK,Content-type=&apos;invalid/content-type&apos; but received text/xml;charset=UTF-8" type="junit.framework.AssertionFailedError">junit.framework.AssertionFailedError: Expected 406 but received HTTP/1.1 200 OK,Content-type=&apos;invalid/content-type&apos; but received text/xml;charset=UTF-8
	at org.eclipse.lyo.testsuite.server.oslcv2tests.ServiceProviderXmlTests.invalidContentTypeGivesNotSupportedOPTIONAL(ServiceProviderXmlTests.java:115)
	at org.eclipse.ant.internal.launching.remote.EclipseDefaultExecutor.executeTargets(EclipseDefaultExecutor.java:32)
	at org.eclipse.ant.internal.launching.remote.InternalAntRunner.run(InternalAntRunner.java:424)
	at org.eclipse.ant.internal.launching.remote.InternalAntRunner.main(InternalAntRunner.java:138)
</failure>
  </testcase>
  <testcase classname="org.eclipse.lyo.testsuite.server.oslcv2tests.ServiceProviderXmlTests" name="misplacedParametersDoNotEffectResponse[2]" time="0.196" />
  <testcase classname="org.eclipse.lyo.testsuite.server.oslcv2tests.ServiceProviderXmlTests" name="oAuthElementsAreValid[2]" time="0.06" />
  <testcase classname="org.eclipse.lyo.testsuite.server.oslcv2tests.ServiceProviderXmlTests" name="contentTypeIsCMServiceDescription[2]" time="0.119" />
  <testcase classname="org.eclipse.lyo.testsuite.server.oslcv2tests.ServiceProviderXmlTests" name="serviceProviderHasAtMostOneTitle[2]" time="0.056" />
  <testcase classname="org.eclipse.lyo.testsuite.server.oslcv2tests.ServiceProviderXmlTests" name="serviceProviderHasService[2]" time="0.045" />
  <testcase classname="org.eclipse.lyo.testsuite.server.oslcv2tests.ServiceProviderXmlTests" name="serviceProviderHasAtMostOnePublisher[2]" time="0.341" />
  <testcase classname="org.eclipse.lyo.testsuite.server.oslcv2tests.ServiceProviderXmlTests" name="serviceProviderHasValidDetails[2]" time="0.067" />
  <testcase classname="org.eclipse.lyo.testsuite.server.oslcv2tests.ServiceProviderXmlTests" name="prefixDefinitionsAreValid[2]" time="0.044" />
  <testcase classname="org.eclipse.lyo.testsuite.server.oslcv2tests.ServiceProviderXmlTests" name="serviceProviderHasAtMostOneOAuthElement[2]" time="0.06" />
  <testcase classname="org.eclipse.lyo.testsuite.server.oslcv2tests.ServiceProviderXmlTests" name="eachServiceHasOneDomain[2]" time="0.053" />
  <testcase classname="org.eclipse.lyo.testsuite.server.oslcv2tests.ServiceProviderXmlTests" name="creationFactoriesAreValid[2]" time="0.05" />
  <testcase classname="org.eclipse.lyo.testsuite.server.oslcv2tests.ServiceProviderXmlTests" name="queryCapabilityBlocksAreValid[2]" time="0.047" />
  <testcase classname="org.eclipse.lyo.testsuite.server.oslcv2tests.ServiceProviderXmlTests" name="dialogsAreValid[2]" time="0.049" />
  <system-out><![CDATA[]]></system-out>
  <system-err><![CDATA[]]></system-err>
</testsuite>
